127.0.0.1 - - [19/Jan/2015:20:04:43 +0300] "GET / HTTP/1.1" 403 494 "-" "Mozilla/5.0 (X11; Ubuntu; Linux x86_64; rv:35.0) Gecko/20100101 Firefox/35.0"
127.0.0.1 - - [19/Jan/2015:20:04:43 +0300] "GET /favicon.ico HTTP/1.1" 404 500 "-" "Mozilla/5.0 (X11; Ubuntu; Linux x86_64; rv:35.0) Gecko/20100101 Firefox/35.0"
127.0.0.1 - - [19/Jan/2015:20:04:43 +0300] "GET /favicon.ico HTTP/1.1" 404 500 "-" "Mozilla/5.0 (X11; Ubuntu; Linux x86_64; rv:35.0) Gecko/20100101 Firefox/35.0"
127.0.0.1 - - [19/Jan/2015:20:04:50 +0300] "GET /helloworld.wsgi HTTP/1.1" 404 505 "-" "Mozilla/5.0 (X11; Ubuntu; Linux x86_64; rv:35.0) Gecko/20100101 Firefox/35.0"
127.0.0.1 - - [19/Jan/2015:20:05:26 +0300] "GET /hello HTTP/1.1" 404 495 "-" "Mozilla/5.0 (X11; Ubuntu; Linux x86_64; rv:35.0) Gecko/20100101 Firefox/35.0"
::1 - - [19/Jan/2015:20:11:12 +0300] "OPTIONS * HTTP/1.0" 200 125 "-" "Apache/2.4.7 (Ubuntu) mod_wsgi/3.4 Python/2.7.6 (internal dummy connection)"
::1 - - [19/Jan/2015:20:11:12 +0300] "OPTIONS * HTTP/1.0" 200 125 "-" "Apache/2.4.7 (Ubuntu) mod_wsgi/3.4 Python/2.7.6 (internal dummy connection)"
::1 - - [19/Jan/2015:20:11:12 +0300] "OPTIONS * HTTP/1.0" 200 125 "-" "Apache/2.4.7 (Ubuntu) mod_wsgi/3.4 Python/2.7.6 (internal dummy connection)"
::1 - - [19/Jan/2015:20:11:12 +0300] "OPTIONS * HTTP/1.0" 200 125 "-" "Apache/2.4.7 (Ubuntu) mod_wsgi/3.4 Python/2.7.6 (internal dummy connection)"
::1 - - [19/Jan/2015:20:11:12 +0300] "OPTIONS * HTTP/1.0" 200 125 "-" "Apache/2.4.7 (Ubuntu) mod_wsgi/3.4 Python/2.7.6 (internal dummy connection)"
::1 - - [19/Jan/2015:20:11:12 +0300] "OPTIONS * HTTP/1.0" 200 125 "-" "Apache/2.4.7 (Ubuntu) mod_wsgi/3.4 Python/2.7.6 (internal dummy connection)"
::1 - - [19/Jan/2015:20:11:12 +0300] "OPTIONS * HTTP/1.0" 200 125 "-" "Apache/2.4.7 (Ubuntu) mod_wsgi/3.4 Python/2.7.6 (internal dummy connection)"
::1 - - [19/Jan/2015:20:11:12 +0300] "OPTIONS * HTTP/1.0" 200 125 "-" "Apache/2.4.7 (Ubuntu) mod_wsgi/3.4 Python/2.7.6 (internal dummy connection)"
::1 - - [19/Jan/2015:20:11:12 +0300] "OPTIONS * HTTP/1.0" 200 125 "-" "Apache/2.4.7 (Ubuntu) mod_wsgi/3.4 Python/2.7.6 (internal dummy connection)"
::1 - - [19/Jan/2015:20:11:12 +0300] "OPTIONS * HTTP/1.0" 200 125 "-" "Apache/2.4.7 (Ubuntu) mod_wsgi/3.4 Python/2.7.6 (internal dummy connection)"
::1 - - [19/Jan/2015:20:13:23 +0300] "OPTIONS * HTTP/1.0" 200 125 "-" "Apache/2.4.7 (Ubuntu) mod_wsgi/3.4 Python/2.7.6 (internal dummy connection)"
::1 - - [19/Jan/2015:20:13:23 +0300] "OPTIONS * HTTP/1.0" 200 125 "-" "Apache/2.4.7 (Ubuntu) mod_wsgi/3.4 Python/2.7.6 (internal dummy connection)"
::1 - - [19/Jan/2015:20:13:23 +0300] "OPTIONS * HTTP/1.0" 200 125 "-" "Apache/2.4.7 (Ubuntu) mod_wsgi/3.4 Python/2.7.6 (internal dummy connection)"
::1 - - [19/Jan/2015:20:13:23 +0300] "OPTIONS * HTTP/1.0" 200 125 "-" "Apache/2.4.7 (Ubuntu) mod_wsgi/3.4 Python/2.7.6 (internal dummy connection)"
::1 - - [19/Jan/2015:20:13:23 +0300] "OPTIONS * HTTP/1.0" 200 125 "-" "Apache/2.4.7 (Ubuntu) mod_wsgi/3.4 Python/2.7.6 (internal dummy connection)"
::1 - - [19/Jan/2015:20:13:23 +0300] "OPTIONS * HTTP/1.0" 200 125 "-" "Apache/2.4.7 (Ubuntu) mod_wsgi/3.4 Python/2.7.6 (internal dummy connection)"
::1 - - [19/Jan/2015:20:13:23 +0300] "OPTIONS * HTTP/1.0" 200 125 "-" "Apache/2.4.7 (Ubuntu) mod_wsgi/3.4 Python/2.7.6 (internal dummy connection)"
::1 - - [19/Jan/2015:20:13:23 +0300] "OPTIONS * HTTP/1.0" 200 125 "-" "Apache/2.4.7 (Ubuntu) mod_wsgi/3.4 Python/2.7.6 (internal dummy connection)"
::1 - - [19/Jan/2015:20:13:23 +0300] "OPTIONS * HTTP/1.0" 200 125 "-" "Apache/2.4.7 (Ubuntu) mod_wsgi/3.4 Python/2.7.6 (internal dummy connection)"
::1 - - [19/Jan/2015:20:13:23 +0300] "OPTIONS * HTTP/1.0" 200 125 "-" "Apache/2.4.7 (Ubuntu) mod_wsgi/3.4 Python/2.7.6 (internal dummy connection)"
::1 - - [19/Jan/2015:20:35:11 +0300] "OPTIONS * HTTP/1.0" 200 125 "-" "Apache/2.4.7 (Ubuntu) mod_wsgi/3.4 Python/2.7.6 (internal dummy connection)"
::1 - - [19/Jan/2015:20:35:11 +0300] "OPTIONS * HTTP/1.0" 200 125 "-" "Apache/2.4.7 (Ubuntu) mod_wsgi/3.4 Python/2.7.6 (internal dummy connection)"
::1 - - [19/Jan/2015:20:35:11 +0300] "OPTIONS * HTTP/1.0" 200 125 "-" "Apache/2.4.7 (Ubuntu) mod_wsgi/3.4 Python/2.7.6 (internal dummy connection)"
::1 - - [19/Jan/2015:20:35:11 +0300] "OPTIONS * HTTP/1.0" 200 125 "-" "Apache/2.4.7 (Ubuntu) mod_wsgi/3.4 Python/2.7.6 (internal dummy connection)"
::1 - - [19/Jan/2015:20:35:11 +0300] "OPTIONS * HTTP/1.0" 200 125 "-" "Apache/2.4.7 (Ubuntu) mod_wsgi/3.4 Python/2.7.6 (internal dummy connection)"
::1 - - [19/Jan/2015:20:35:11 +0300] "OPTIONS * HTTP/1.0" 200 125 "-" "Apache/2.4.7 (Ubuntu) mod_wsgi/3.4 Python/2.7.6 (internal dummy connection)"
::1 - - [19/Jan/2015:20:35:11 +0300] "OPTIONS * HTTP/1.0" 200 125 "-" "Apache/2.4.7 (Ubuntu) mod_wsgi/3.4 Python/2.7.6 (internal dummy connection)"
::1 - - [19/Jan/2015:20:35:11 +0300] "OPTIONS * HTTP/1.0" 200 125 "-" "Apache/2.4.7 (Ubuntu) mod_wsgi/3.4 Python/2.7.6 (internal dummy connection)"
::1 - - [19/Jan/2015:20:35:11 +0300] "OPTIONS * HTTP/1.0" 200 125 "-" "Apache/2.4.7 (Ubuntu) mod_wsgi/3.4 Python/2.7.6 (internal dummy connection)"
::1 - - [19/Jan/2015:20:35:11 +0300] "OPTIONS * HTTP/1.0" 200 125 "-" "Apache/2.4.7 (Ubuntu) mod_wsgi/3.4 Python/2.7.6 (internal dummy connection)"
::1 - - [19/Jan/2015:20:59:03 +0300] "OPTIONS * HTTP/1.0" 200 125 "-" "Apache/2.4.7 (Ubuntu) mod_wsgi/3.4 Python/2.7.6 (internal dummy connection)"
::1 - - [19/Jan/2015:20:59:03 +0300] "OPTIONS * HTTP/1.0" 200 125 "-" "Apache/2.4.7 (Ubuntu) mod_wsgi/3.4 Python/2.7.6 (internal dummy connection)"
::1 - - [19/Jan/2015:20:59:03 +0300] "OPTIONS * HTTP/1.0" 200 125 "-" "Apache/2.4.7 (Ubuntu) mod_wsgi/3.4 Python/2.7.6 (internal dummy connection)"
::1 - - [19/Jan/2015:20:59:03 +0300] "OPTIONS * HTTP/1.0" 200 125 "-" "Apache/2.4.7 (Ubuntu) mod_wsgi/3.4 Python/2.7.6 (internal dummy connection)"
::1 - - [19/Jan/2015:20:59:03 +0300] "OPTIONS * HTTP/1.0" 200 125 "-" "Apache/2.4.7 (Ubuntu) mod_wsgi/3.4 Python/2.7.6 (internal dummy connection)"
::1 - - [19/Jan/2015:20:59:03 +0300] "OPTIONS * HTTP/1.0" 200 125 "-" "Apache/2.4.7 (Ubuntu) mod_wsgi/3.4 Python/2.7.6 (internal dummy connection)"
::1 - - [19/Jan/2015:20:59:03 +0300] "OPTIONS * HTTP/1.0" 200 125 "-" "Apache/2.4.7 (Ubuntu) mod_wsgi/3.4 Python/2.7.6 (internal dummy connection)"
::1 - - [19/Jan/2015:20:59:03 +0300] "OPTIONS * HTTP/1.0" 200 125 "-" "Apache/2.4.7 (Ubuntu) mod_wsgi/3.4 Python/2.7.6 (internal dummy connection)"
::1 - - [19/Jan/2015:20:59:03 +0300] "OPTIONS * HTTP/1.0" 200 125 "-" "Apache/2.4.7 (Ubuntu) mod_wsgi/3.4 Python/2.7.6 (internal dummy connection)"
::1 - - [19/Jan/2015:20:59:03 +0300] "OPTIONS * HTTP/1.0" 200 125 "-" "Apache/2.4.7 (Ubuntu) mod_wsgi/3.4 Python/2.7.6 (internal dummy connection)"
::1 - - [19/Jan/2015:21:05:09 +0300] "OPTIONS * HTTP/1.0" 200 125 "-" "Apache/2.4.7 (Ubuntu) mod_wsgi/3.4 Python/2.7.6 (internal dummy connection)"
::1 - - [19/Jan/2015:21:05:09 +0300] "OPTIONS * HTTP/1.0" 200 125 "-" "Apache/2.4.7 (Ubuntu) mod_wsgi/3.4 Python/2.7.6 (internal dummy connection)"
::1 - - [19/Jan/2015:21:05:09 +0300] "OPTIONS * HTTP/1.0" 200 125 "-" "Apache/2.4.7 (Ubuntu) mod_wsgi/3.4 Python/2.7.6 (internal dummy connection)"
::1 - - [19/Jan/2015:21:05:09 +0300] "OPTIONS * HTTP/1.0" 200 125 "-" "Apache/2.4.7 (Ubuntu) mod_wsgi/3.4 Python/2.7.6 (internal dummy connection)"
::1 - - [19/Jan/2015:21:05:09 +0300] "OPTIONS * HTTP/1.0" 200 125 "-" "Apache/2.4.7 (Ubuntu) mod_wsgi/3.4 Python/2.7.6 (internal dummy connection)"
::1 - - [19/Jan/2015:21:05:09 +0300] "OPTIONS * HTTP/1.0" 200 125 "-" "Apache/2.4.7 (Ubuntu) mod_wsgi/3.4 Python/2.7.6 (internal dummy connection)"
::1 - - [19/Jan/2015:21:05:09 +0300] "OPTIONS * HTTP/1.0" 200 125 "-" "Apache/2.4.7 (Ubuntu) mod_wsgi/3.4 Python/2.7.6 (internal dummy connection)"
::1 - - [19/Jan/2015:21:05:09 +0300] "OPTIONS * HTTP/1.0" 200 125 "-" "Apache/2.4.7 (Ubuntu) mod_wsgi/3.4 Python/2.7.6 (internal dummy connection)"
::1 - - [19/Jan/2015:21:05:09 +0300] "OPTIONS * HTTP/1.0" 200 125 "-" "Apache/2.4.7 (Ubuntu) mod_wsgi/3.4 Python/2.7.6 (internal dummy connection)"
::1 - - [19/Jan/2015:21:05:09 +0300] "OPTIONS * HTTP/1.0" 200 125 "-" "Apache/2.4.7 (Ubuntu) mod_wsgi/3.4 Python/2.7.6 (internal dummy connection)"
::1 - - [19/Jan/2015:22:38:36 +0300] "OPTIONS * HTTP/1.0" 200 125 "-" "Apache/2.4.7 (Ubuntu) mod_wsgi/3.4 Python/2.7.6 (internal dummy connection)"
::1 - - [19/Jan/2015:22:38:36 +0300] "OPTIONS * HTTP/1.0" 200 125 "-" "Apache/2.4.7 (Ubuntu) mod_wsgi/3.4 Python/2.7.6 (internal dummy connection)"
::1 - - [19/Jan/2015:22:38:36 +0300] "OPTIONS * HTTP/1.0" 200 125 "-" "Apache/2.4.7 (Ubuntu) mod_wsgi/3.4 Python/2.7.6 (internal dummy connection)"
::1 - - [19/Jan/2015:22:38:36 +0300] "OPTIONS * HTTP/1.0" 200 125 "-" "Apache/2.4.7 (Ubuntu) mod_wsgi/3.4 Python/2.7.6 (internal dummy connection)"
::1 - - [19/Jan/2015:22:38:36 +0300] "OPTIONS * HTTP/1.0" 200 125 "-" "Apache/2.4.7 (Ubuntu) mod_wsgi/3.4 Python/2.7.6 (internal dummy connection)"
::1 - - [19/Jan/2015:22:38:36 +0300] "OPTIONS * HTTP/1.0" 200 125 "-" "Apache/2.4.7 (Ubuntu) mod_wsgi/3.4 Python/2.7.6 (internal dummy connection)"
::1 - - [19/Jan/2015:22:38:36 +0300] "OPTIONS * HTTP/1.0" 200 125 "-" "Apache/2.4.7 (Ubuntu) mod_wsgi/3.4 Python/2.7.6 (internal dummy connection)"
::1 - - [19/Jan/2015:22:38:36 +0300] "OPTIONS * HTTP/1.0" 200 125 "-" "Apache/2.4.7 (Ubuntu) mod_wsgi/3.4 Python/2.7.6 (internal dummy connection)"
::1 - - [19/Jan/2015:22:38:36 +0300] "OPTIONS * HTTP/1.0" 200 125 "-" "Apache/2.4.7 (Ubuntu) mod_wsgi/3.4 Python/2.7.6 (internal dummy connection)"
::1 - - [19/Jan/2015:22:38:36 +0300] "OPTIONS * HTTP/1.0" 200 125 "-" "Apache/2.4.7 (Ubuntu) mod_wsgi/3.4 Python/2.7.6 (internal dummy connection)"
::1 - - [20/Jan/2015:01:57:58 +0300] "GET /src.jpeg HTTP/1.1" 404 498 "-" "Mozilla/5.0 (X11; Ubuntu; Linux x86_64; rv:35.0) Gecko/20100101 Firefox/35.0"
::1 - - [20/Jan/2015:01:57:59 +0300] "GET /favicon.ico HTTP/1.1" 404 500 "-" "Mozilla/5.0 (X11; Ubuntu; Linux x86_64; rv:35.0) Gecko/20100101 Firefox/35.0"
::1 - - [20/Jan/2015:01:57:59 +0300] "GET /favicon.ico HTTP/1.1" 404 500 "-" "Mozilla/5.0 (X11; Ubuntu; Linux x86_64; rv:35.0) Gecko/20100101 Firefox/35.0"
::1 - - [20/Jan/2015:01:58:09 +0300] "GET /scr.jpeg HTTP/1.1" 404 498 "-" "Mozilla/5.0 (X11; Ubuntu; Linux x86_64; rv:35.0) Gecko/20100101 Firefox/35.0"
127.0.0.1 - - [20/Jan/2015:02:58:14 +0300] "GET /index HTTP/1.1" 404 495 "-" "Mozilla/5.0 (X11; Ubuntu; Linux x86_64; rv:35.0) Gecko/20100101 Firefox/35.0"
127.0.0.1 - - [20/Jan/2015:02:58:18 +0300] "GET /favicon.ico HTTP/1.1" 404 500 "-" "Mozilla/5.0 (X11; Ubuntu; Linux x86_64; rv:35.0) Gecko/20100101 Firefox/35.0"
127.0.0.1 - - [20/Jan/2015:02:58:18 +0300] "GET /favicon.ico HTTP/1.1" 404 500 "-" "Mozilla/5.0 (X11; Ubuntu; Linux x86_64; rv:35.0) Gecko/20100101 Firefox/35.0"
127.0.0.1 - - [20/Jan/2015:03:03:44 +0300] "GET / HTTP/1.1" 403 494 "-" "Mozilla/5.0 (X11; Ubuntu; Linux x86_64; rv:35.0) Gecko/20100101 Firefox/35.0"
127.0.0.1 - - [20/Jan/2015:03:42:35 +0300] "GET /helloworld.wsgi HTTP/1.1" 200 335 "-" "Mozilla/5.0 (X11; Ubuntu; Linux x86_64; rv:35.0) Gecko/20100101 Firefox/35.0"
::1 - - [20/Jan/2015:04:21:14 +0300] "GET /helloworld.wsgi HTTP/1.1" 200 335 "-" "Mozilla/5.0 (X11; Ubuntu; Linux x86_64; rv:35.0) Gecko/20100101 Firefox/35.0"
::1 - - [20/Jan/2015:04:21:14 +0300] "GET /favicon.ico HTTP/1.1" 404 500 "-" "Mozilla/5.0 (X11; Ubuntu; Linux x86_64; rv:35.0) Gecko/20100101 Firefox/35.0"
::1 - - [20/Jan/2015:04:21:14 +0300] "GET /favicon.ico HTTP/1.1" 404 500 "-" "Mozilla/5.0 (X11; Ubuntu; Linux x86_64; rv:35.0) Gecko/20100101 Firefox/35.0"
127.0.0.1 - - [20/Jan/2015:19:40:26 +0300] "GET /helloworld.wsgi HTTP/1.1" 200 335 "-" "Mozilla/5.0 (X11; Ubuntu; Linux x86_64; rv:35.0) Gecko/20100101 Firefox/35.0"
127.0.0.1 - - [20/Jan/2015:19:40:26 +0300] "GET /favicon.ico HTTP/1.1" 404 500 "-" "Mozilla/5.0 (X11; Ubuntu; Linux x86_64; rv:35.0) Gecko/20100101 Firefox/35.0"
127.0.0.1 - - [20/Jan/2015:19:40:26 +0300] "GET /favicon.ico HTTP/1.1" 404 500 "-" "Mozilla/5.0 (X11; Ubuntu; Linux x86_64; rv:35.0) Gecko/20100101 Firefox/35.0"
127.0.0.1 - - [20/Jan/2015:19:40:30 +0300] "GET /helloworld.wsgi?j=opk&456=op HTTP/1.1" 200 345 "-" "Mozilla/5.0 (X11; Ubuntu; Linux x86_64; rv:35.0) Gecko/20100101 Firefox/35.0"
::1 - - [20/Jan/2015:21:05:21 +0300] "GET /favicon.ico HTTP/1.1" 404 501 "-" "Mozilla/5.0 (X11; Ubuntu; Linux x86_64; rv:35.0) Gecko/20100101 Firefox/35.0"
::1 - - [26/Jan/2015:10:11:05 +0300] "OPTIONS * HTTP/1.0" 200 125 "-" "Apache/2.4.7 (Ubuntu) mod_wsgi/3.4 Python/2.7.6 (internal dummy connection)"
::1 - - [26/Jan/2015:10:11:05 +0300] "OPTIONS * HTTP/1.0" 200 125 "-" "Apache/2.4.7 (Ubuntu) mod_wsgi/3.4 Python/2.7.6 (internal dummy connection)"
::1 - - [26/Jan/2015:10:11:05 +0300] "OPTIONS * HTTP/1.0" 200 125 "-" "Apache/2.4.7 (Ubuntu) mod_wsgi/3.4 Python/2.7.6 (internal dummy connection)"
::1 - - [26/Jan/2015:10:11:05 +0300] "OPTIONS * HTTP/1.0" 200 125 "-" "Apache/2.4.7 (Ubuntu) mod_wsgi/3.4 Python/2.7.6 (internal dummy connection)"
::1 - - [26/Jan/2015:10:11:05 +0300] "OPTIONS * HTTP/1.0" 200 125 "-" "Apache/2.4.7 (Ubuntu) mod_wsgi/3.4 Python/2.7.6 (internal dummy connection)"
